Build started 4/30/2012 12:14:33 PM.
     1>Project "C:\PSCF\src\pscf-solution\genprog\genprog.vcxproj" on node 4 (rebuild target(s)).
     1>_PrepareForClean:
         Deleting file "Release\genprog.lastbuildstate".
       InitializeBuildStatus:
         Touching "Release\genprog.unsuccessfulbuild".
       ClCompile:
         C:\Program Files (x86)\Microsoft Visual Studio 10.0\VC\bin\CL.exe /c /Zi /nologo /W3 /WX- /O2 /Oi /Oy- /GL /D WIN32 /D NDEBUG /D _CONSOLE /D _UNICODE /D UNICODE /Gm- /EHsc /MD /GS /Gy /fp:precise /Zc:wchar_t /Zc:forScope /Fo"Release\\" /Fd"Release\vc100.pdb" /Gd /TC /analyze- /errorReport:prompt ..\..\genprog\adjustments.c ..\..\genprog\countm.c ..\..\genprog\get.c ..\..\genprog\main.c ..\..\genprog\process.c ..\..\genprog\sheet.c ..\..\genprog\tpl.c ..\..\genprog\utils.c
         adjustments.c
     1>c:\pscf\src\genprog\genprog.h(1): fatal error C1083: Cannot open include file: 'utils.h': No such file or directory
         countm.c
     1>c:\pscf\src\genprog\genprog.h(1): fatal error C1083: Cannot open include file: 'utils.h': No such file or directory
         get.c
     1>c:\pscf\src\genprog\genprog.h(1): fatal error C1083: Cannot open include file: 'utils.h': No such file or directory
         main.c
     1>c:\pscf\src\genprog\genprog.h(1): fatal error C1083: Cannot open include file: 'utils.h': No such file or directory
         process.c
     1>c:\pscf\src\genprog\genprog.h(1): fatal error C1083: Cannot open include file: 'utils.h': No such file or directory
         sheet.c
     1>c:\pscf\src\genprog\genprog.h(1): fatal error C1083: Cannot open include file: 'utils.h': No such file or directory
         tpl.c
     1>c:\pscf\src\genprog\genprog.h(1): fatal error C1083: Cannot open include file: 'utils.h': No such file or directory
         utils.c
     1>c:\pscf\src\genprog\genprog.h(1): fatal error C1083: Cannot open include file: 'utils.h': No such file or directory
     1>Done Building Project "C:\PSCF\src\pscf-solution\genprog\genprog.vcxproj" (rebuild target(s)) -- FAILED.

Build FAILED.

Time Elapsed 00:00:00.14
